<?xml version="1.0" encoding="UTF-8"?>
<!-- Generated by org.testng.reporters.JUnitXMLReporter -->
<testsuite hostname="DESKTOP-R0QK2O8" ignored="0" name="Test" tests="3" failures="1" timestamp="12 Apr 2019 17:13:07 GMT" time="22.55" errors="0">
  <testcase name="searchAProduct" time="10.489" classname="com.amazon.test.AmazonTests">
    <failure type="java.lang.AssertionError" message="expected [1-24 of over 4,000 results for dfgd] but found [1-24 of over 4,000 results for]">
      <![CDATA[java.lang.AssertionError: expected [1-24 of over 4,000 results for dfgd] but found [1-24 of over 4,000 results for]
at com.amazon.test.AmazonTests.searchAProduct(AmazonTests.java:29)
... Removed 31 stack frames]]>
    </failure>
  </testcase> <!-- searchAProduct -->
  <testcase name="verifyNthProduct" time="0.373" classname="com.amazon.test.AmazonResultPageTests"/>
  <testcase name="verifyAllProducts" time="10.594" classname="com.amazon.test.AmazonResultPageTests"/>
</testsuite> <!-- Test -->
